<?xml version="1.0" encoding="UTF-8"?>
<testng-results ignored="0" total="1" passed="1" failed="0" skipped="0">
  <reporter-output>
  </reporter-output>
  <suite started-at="2022-11-02T15:39:48 IST" name="Default suite" finished-at="2022-11-02T15:39:57 IST" duration-ms="8358">
    <groups>
    </groups>
    <test started-at="2022-11-02T15:39:48 IST" name="Default test" finished-at="2022-11-02T15:39:57 IST" duration-ms="8358">
      <class name="Sandhya.pageobject.loginTest">
        <test-method signature="login()[pri:0, instance:Sandhya.pageobject.loginTest@4738a206]" started-at="2022-11-02T15:39:48 IST" name="login" finished-at="2022-11-02T15:39:56 IST" duration-ms="7889" status="PASS">
          <reporter-output>
          </reporter-output>
        </test-method> <!-- login -->
        <test-method is-config="true" signature="end()[pri:0, instance:Sandhya.pageobject.loginTest@4738a206]" started-at="2022-11-02T15:39:56 IST" name="end" finished-at="2022-11-02T15:39:57 IST" duration-ms="412" status="PASS">
          <reporter-output>
          </reporter-output>
        </test-method> <!-- end -->
      </class> <!-- Sandhya.pageobject.loginTest -->
    </test> <!-- Default test -->
  </suite> <!-- Default suite -->
</testng-results>
